1723183802.334483 client started (27452): version 3.2a, socket /tmp/tmux-1000/default, protocol 8
1723183802.334507 on Linux 6.5.0-45-generic #45~22.04.1-Ubuntu SMP PREEMPT_DYNAMIC Mon Jul 15 16:40:02 UTC 2
1723183802.334511 using libevent 2.1.12-stable (poll); ncurses 6.3
1723183802.334523 flags are 0x10010000
1723183802.334525 socket is /tmp/tmux-1000/default
1723183802.334536 trying connect
1723183802.334579 add peer 0x5d1055b8b120: 6 ((nil))
1723183802.334751 sending message 100 to peer 0x5d1055b8b120 (4 bytes)
1723183802.334755 sending message 111 to peer 0x5d1055b8b120 (8 bytes)
1723183802.334758 sending message 101 to peer 0x5d1055b8b120 (7 bytes)
1723183802.334761 sending message 109 to peer 0x5d1055b8b120 (4 bytes)
1723183802.334764 sending message 102 to peer 0x5d1055b8b120 (11 bytes)
1723183802.334767 sending message 108 to peer 0x5d1055b8b120 (56 bytes)
1723183802.334770 sending message 112 to peer 0x5d1055b8b120 (70 bytes)
1723183802.334773 sending message 112 to peer 0x5d1055b8b120 (5 bytes)
1723183802.334776 sending message 112 to peer 0x5d1055b8b120 (5 bytes)
1723183802.334779 sending message 112 to peer 0x5d1055b8b120 (6 bytes)
1723183802.334782 sending message 112 to peer 0x5d1055b8b120 (6 bytes)
1723183802.334785 sending message 112 to peer 0x5d1055b8b120 (11 bytes)
1723183802.334788 sending message 112 to peer 0x5d1055b8b120 (10 bytes)
1723183802.334791 sending message 112 to peer 0x5d1055b8b120 (13 bytes)
1723183802.334794 sending message 112 to peer 0x5d1055b8b120 (13 bytes)
1723183802.334797 sending message 112 to peer 0x5d1055b8b120 (18 bytes)
1723183802.334800 sending message 112 to peer 0x5d1055b8b120 (9 bytes)
1723183802.334803 sending message 112 to peer 0x5d1055b8b120 (21 bytes)
1723183802.334806 sending message 112 to peer 0x5d1055b8b120 (13 bytes)
1723183802.334809 sending message 112 to peer 0x5d1055b8b120 (7 bytes)
1723183802.334812 sending message 112 to peer 0x5d1055b8b120 (13 bytes)
1723183802.334815 sending message 112 to peer 0x5d1055b8b120 (7 bytes)
1723183802.334818 sending message 112 to peer 0x5d1055b8b120 (13 bytes)
1723183802.334821 sending message 112 to peer 0x5d1055b8b120 (9 bytes)
1723183802.334824 sending message 112 to peer 0x5d1055b8b120 (21 bytes)
1723183802.334841 sending message 112 to peer 0x5d1055b8b120 (13 bytes)
1723183802.334844 sending message 112 to peer 0x5d1055b8b120 (8 bytes)
1723183802.334847 sending message 112 to peer 0x5d1055b8b120 (12 bytes)
1723183802.334850 sending message 112 to peer 0x5d1055b8b120 (13 bytes)
1723183802.334853 sending message 112 to peer 0x5d1055b8b120 (9 bytes)
1723183802.334856 sending message 112 to peer 0x5d1055b8b120 (9 bytes)
1723183802.334859 sending message 112 to peer 0x5d1055b8b120 (12 bytes)
1723183802.334862 sending message 112 to peer 0x5d1055b8b120 (8 bytes)
1723183802.334865 sending message 112 to peer 0x5d1055b8b120 (7 bytes)
1723183802.334868 sending message 112 to peer 0x5d1055b8b120 (7 bytes)
1723183802.334871 sending message 112 to peer 0x5d1055b8b120 (9 bytes)
1723183802.334874 sending message 112 to peer 0x5d1055b8b120 (13 bytes)
1723183802.334876 sending message 112 to peer 0x5d1055b8b120 (9 bytes)
1723183802.334879 sending message 112 to peer 0x5d1055b8b120 (15 bytes)
1723183802.334882 sending message 112 to peer 0x5d1055b8b120 (13 bytes)
1723183802.334885 sending message 112 to peer 0x5d1055b8b120 (12 bytes)
1723183802.334888 sending message 112 to peer 0x5d1055b8b120 (8 bytes)
1723183802.334891 sending message 112 to peer 0x5d1055b8b120 (14 bytes)
1723183802.334894 sending message 112 to peer 0x5d1055b8b120 (9 bytes)
1723183802.334897 sending message 112 to peer 0x5d1055b8b120 (10 bytes)
1723183802.334900 sending message 112 to peer 0x5d1055b8b120 (10 bytes)
1723183802.334903 sending message 112 to peer 0x5d1055b8b120 (10 bytes)
1723183802.334906 sending message 112 to peer 0x5d1055b8b120 (10 bytes)
1723183802.334909 sending message 112 to peer 0x5d1055b8b120 (11 bytes)
1723183802.334912 sending message 112 to peer 0x5d1055b8b120 (10 bytes)
1723183802.334915 sending message 112 to peer 0x5d1055b8b120 (8 bytes)
1723183802.334924 sending message 112 to peer 0x5d1055b8b120 (11 bytes)
1723183802.334927 sending message 112 to peer 0x5d1055b8b120 (11 bytes)
1723183802.334930 sending message 112 to peer 0x5d1055b8b120 (11 bytes)
1723183802.334933 sending message 112 to peer 0x5d1055b8b120 (8 bytes)
1723183802.334936 sending message 112 to peer 0x5d1055b8b120 (8 bytes)
1723183802.334939 sending message 112 to peer 0x5d1055b8b120 (8 bytes)
1723183802.334942 sending message 112 to peer 0x5d1055b8b120 (10 bytes)
1723183802.334944 sending message 112 to peer 0x5d1055b8b120 (10 bytes)
1723183802.334947 sending message 112 to peer 0x5d1055b8b120 (10 bytes)
1723183802.334950 sending message 112 to peer 0x5d1055b8b120 (10 bytes)
1723183802.334953 sending message 112 to peer 0x5d1055b8b120 (10 bytes)
1723183802.334956 sending message 112 to peer 0x5d1055b8b120 (11 bytes)
1723183802.334960 sending message 112 to peer 0x5d1055b8b120 (11 bytes)
1723183802.334963 sending message 112 to peer 0x5d1055b8b120 (10 bytes)
1723183802.334966 sending message 112 to peer 0x5d1055b8b120 (9 bytes)
1723183802.334969 sending message 112 to peer 0x5d1055b8b120 (9 bytes)
1723183802.334972 sending message 112 to peer 0x5d1055b8b120 (12 bytes)
1723183802.334975 sending message 112 to peer 0x5d1055b8b120 (9 bytes)
1723183802.334978 sending message 112 to peer 0x5d1055b8b120 (6 bytes)
1723183802.334981 sending message 112 to peer 0x5d1055b8b120 (8 bytes)
1723183802.334983 sending message 112 to peer 0x5d1055b8b120 (15 bytes)
1723183802.334986 sending message 112 to peer 0x5d1055b8b120 (13 bytes)
1723183802.334989 sending message 112 to peer 0x5d1055b8b120 (16 bytes)
1723183802.334992 sending message 112 to peer 0x5d1055b8b120 (16 bytes)
1723183802.334995 sending message 112 to peer 0x5d1055b8b120 (10 bytes)
1723183802.334998 sending message 112 to peer 0x5d1055b8b120 (8 bytes)
1723183802.335001 sending message 112 to peer 0x5d1055b8b120 (15 bytes)
1723183802.335004 sending message 112 to peer 0x5d1055b8b120 (13 bytes)
1723183802.335007 sending message 112 to peer 0x5d1055b8b120 (10 bytes)
1723183802.335010 sending message 112 to peer 0x5d1055b8b120 (10 bytes)
1723183802.335013 sending message 112 to peer 0x5d1055b8b120 (5 bytes)
1723183802.335016 sending message 112 to peer 0x5d1055b8b120 (15 bytes)
1723183802.335019 sending message 104 to peer 0x5d1055b8b120 (0 bytes)
1723183802.335023 sending message 110 to peer 0x5d1055b8b120 (0 bytes)
1723183802.335026 sending message 107 to peer 0x5d1055b8b120 (4 bytes)
1723183802.335029 sending message 105 to peer 0x5d1055b8b120 (16 bytes)
1723183802.335032 sending message 105 to peer 0x5d1055b8b120 (78 bytes)
1723183802.335035 sending message 105 to peer 0x5d1055b8b120 (19 bytes)
1723183802.335038 sending message 105 to peer 0x5d1055b8b120 (20 bytes)
1723183802.335041 sending message 105 to peer 0x5d1055b8b120 (45 bytes)
1723183802.335044 sending message 105 to peer 0x5d1055b8b120 (33 bytes)
1723183802.335047 sending message 105 to peer 0x5d1055b8b120 (23 bytes)
1723183802.335050 sending message 105 to peer 0x5d1055b8b120 (26 bytes)
1723183802.335053 sending message 105 to peer 0x5d1055b8b120 (44 bytes)
1723183802.335056 sending message 105 to peer 0x5d1055b8b120 (36 bytes)
1723183802.335059 sending message 105 to peer 0x5d1055b8b120 (23 bytes)
1723183802.335062 sending message 105 to peer 0x5d1055b8b120 (32 bytes)
1723183802.335065 sending message 105 to peer 0x5d1055b8b120 (20 bytes)
1723183802.335068 sending message 105 to peer 0x5d1055b8b120 (41 bytes)
1723183802.335071 sending message 105 to peer 0x5d1055b8b120 (20 bytes)
1723183802.335074 sending message 105 to peer 0x5d1055b8b120 (23 bytes)
1723183802.335077 sending message 105 to peer 0x5d1055b8b120 (24 bytes)
1723183802.335079 sending message 105 to peer 0x5d1055b8b120 (28 bytes)
1723183802.335082 sending message 105 to peer 0x5d1055b8b120 (60 bytes)
1723183802.335085 sending message 105 to peer 0x5d1055b8b120 (27 bytes)
1723183802.335088 sending message 105 to peer 0x5d1055b8b120 (21 bytes)
1723183802.335091 sending message 105 to peer 0x5d1055b8b120 (25 bytes)
1723183802.335094 sending message 105 to peer 0x5d1055b8b120 (22 bytes)
1723183802.335103 sending message 105 to peer 0x5d1055b8b120 (54 bytes)
1723183802.335106 sending message 105 to peer 0x5d1055b8b120 (22 bytes)
1723183802.335109 sending message 105 to peer 0x5d1055b8b120 (24 bytes)
1723183802.335118 sending message 105 to peer 0x5d1055b8b120 (22 bytes)
1723183802.335122 sending message 105 to peer 0x5d1055b8b120 (18 bytes)
1723183802.335125 sending message 105 to peer 0x5d1055b8b120 (21 bytes)
1723183802.335128 sending message 105 to peer 0x5d1055b8b120 (17 bytes)
1723183802.335131 sending message 105 to peer 0x5d1055b8b120 (1519 bytes)
1723183802.335134 sending message 105 to peer 0x5d1055b8b120 (33 bytes)
1723183802.335137 sending message 105 to peer 0x5d1055b8b120 (17 bytes)
1723183802.335140 sending message 105 to peer 0x5d1055b8b120 (26 bytes)
1723183802.335143 sending message 105 to peer 0x5d1055b8b120 (86 bytes)
1723183802.335146 sending message 105 to peer 0x5d1055b8b120 (23 bytes)
1723183802.335149 sending message 105 to peer 0x5d1055b8b120 (34 bytes)
1723183802.335152 sending message 105 to peer 0x5d1055b8b120 (23 bytes)
1723183802.335155 sending message 105 to peer 0x5d1055b8b120 (12 bytes)
1723183802.335158 sending message 105 to peer 0x5d1055b8b120 (30 bytes)
1723183802.335161 sending message 105 to peer 0x5d1055b8b120 (32 bytes)
1723183802.335164 sending message 105 to peer 0x5d1055b8b120 (18 bytes)
1723183802.335167 sending message 105 to peer 0x5d1055b8b120 (13 bytes)
1723183802.335170 sending message 105 to peer 0x5d1055b8b120 (30 bytes)
1723183802.335173 sending message 105 to peer 0x5d1055b8b120 (11 bytes)
1723183802.335176 sending message 105 to peer 0x5d1055b8b120 (8 bytes)
1723183802.335179 sending message 105 to peer 0x5d1055b8b120 (25 bytes)
1723183802.335182 sending message 105 to peer 0x5d1055b8b120 (18 bytes)
1723183802.335185 sending message 105 to peer 0x5d1055b8b120 (27 bytes)
1723183802.335188 sending message 105 to peer 0x5d1055b8b120 (21 bytes)
1723183802.335191 sending message 105 to peer 0x5d1055b8b120 (31 bytes)
1723183802.335194 sending message 105 to peer 0x5d1055b8b120 (20 bytes)
1723183802.335197 sending message 105 to peer 0x5d1055b8b120 (85 bytes)
1723183802.335200 sending message 105 to peer 0x5d1055b8b120 (114 bytes)
1723183802.335203 sending message 105 to peer 0x5d1055b8b120 (18 bytes)
1723183802.335206 sending message 105 to peer 0x5d1055b8b120 (54 bytes)
1723183802.335209 sending message 105 to peer 0x5d1055b8b120 (23 bytes)
1723183802.335212 sending message 105 to peer 0x5d1055b8b120 (58 bytes)
1723183802.335215 sending message 105 to peer 0x5d1055b8b120 (18 bytes)
1723183802.335218 sending message 105 to peer 0x5d1055b8b120 (16 bytes)
1723183802.335221 sending message 106 to peer 0x5d1055b8b120 (0 bytes)
1723183802.335225 sending message 200 to peer 0x5d1055b8b120 (4 bytes)
1723183802.335227 client loop enter
1723183802.335477 peer 0x5d1055b8b120 message 303
1723183802.335481 open write file 2 -
1723183802.335487 sending message 305 to peer 0x5d1055b8b120 (8 bytes)
1723183802.335493 write check file 2
1723183802.335549 peer 0x5d1055b8b120 message 304
1723183802.335552 write 58 to file 2
1723183802.335556 peer 0x5d1055b8b120 message 203
1723183802.335559 file 2 58 bytes left
1723183802.335569 write check file 2
1723183802.335572 client loop exit
